nohup: ignoring input
 * Serving Flask app "keepapp" (lazy loading)
 * Environment: production
   WARNING: Do not use the development server in a production environment.
   Use a production WSGI server instead.
 * Debug mode: off
ERROR:flask.app:Exception on / [GET]
Traceback (most recent call last):
  File "/usr/local/python3/lib/python3.7/site-packages/flask/app.py", line 2292, in wsgi_app
    response = self.full_dispatch_request()
  File "/usr/local/python3/lib/python3.7/site-packages/flask/app.py", line 1815, in full_dispatch_request
    rv = self.handle_user_exception(e)
  File "/usr/local/python3/lib/python3.7/site-packages/flask/app.py", line 1718, in handle_user_exception
    reraise(exc_type, exc_value, tb)
  File "/usr/local/python3/lib/python3.7/site-packages/flask/_compat.py", line 35, in reraise
    raise value
  File "/usr/local/python3/lib/python3.7/site-packages/flask/app.py", line 1813, in full_dispatch_request
    rv = self.dispatch_request()
  File "/usr/local/python3/lib/python3.7/site-packages/flask/app.py", line 1799, in dispatch_request
    return self.view_functions[rule.endpoint](**req.view_args)
  File "keepapp.py", line 320, in main
    return send_file('pie.html')
  File "/usr/local/python3/lib/python3.7/site-packages/flask/helpers.py", line 588, in send_file
    file = open(filename, 'rb')
FileNotFoundError: [Errno 2] No such file or directory: '/usr/local/git/keepuserapp/pie.html'
